<?xml version="1.0" encoding="UTF-8"?>
<testng-results ignored="0" total="1" passed="1" failed="0" skipped="0">
  <reporter-output>
  </reporter-output>
  <suite started-at="2020-08-04T21:30:40 IST" name="Default suite" finished-at="2020-08-04T21:30:55 IST" duration-ms="15359">
    <groups>
    </groups>
    <test started-at="2020-08-04T21:30:40 IST" name="Default test" finished-at="2020-08-04T21:30:55 IST" duration-ms="15359">
      <class name="tests.HomePageTest">
        <test-method is-config="true" signature="beforeSuite()[pri:0, instance:tests.HomePageTest@29647f75]" started-at="2020-08-04T21:30:23 IST" name="beforeSuite" finished-at="2020-08-04T21:30:40 IST" duration-ms="16626" status="PASS">
          <reporter-output>
          </reporter-output>
        </test-method> <!-- beforeSuite -->
        <test-method signature="validateMenu()[pri:0, instance:tests.HomePageTest@29647f75]" started-at="2020-08-04T21:30:40 IST" name="validateMenu" finished-at="2020-08-04T21:30:55 IST" duration-ms="15250" status="PASS">
          <reporter-output>
          </reporter-output>
        </test-method> <!-- validateMenu -->
        <test-method is-config="true" signature="afterSuite()[pri:0, instance:tests.HomePageTest@29647f75]" started-at="2020-08-04T21:30:56 IST" name="afterSuite" finished-at="2020-08-04T21:30:56 IST" duration-ms="3" status="PASS">
          <reporter-output>
          </reporter-output>
        </test-method> <!-- afterSuite -->
      </class> <!-- tests.HomePageTest -->
    </test> <!-- Default test -->
  </suite> <!-- Default suite -->
</testng-results>
